<?xml version="1.0" encoding="UTF-8"?>
<testng-results ignored="0" total="1" passed="1" failed="0" skipped="0">
  <reporter-output>
  </reporter-output>
  <suite started-at="2025-01-17T17:48:07 IST" name="Suite" finished-at="2025-01-17T17:48:16 IST" duration-ms="8480">
    <groups>
    </groups>
    <test started-at="2025-01-17T17:48:07 IST" name="chromeTest" finished-at="2025-01-17T17:48:16 IST" duration-ms="8480">
      <class name="testCases.TC_002_LoginTest">
        <test-method is-config="true" signature="setup(java.lang.String,java.lang.String)[pri:0, instance:testCases.TC_002_LoginTest@3ed242a4]" started-at="2025-01-17T17:48:07 IST" name="setup" finished-at="2025-01-17T17:48:13 IST" duration-ms="5496" status="PASS">
          <params>
            <param index="0">
              <value>
                <![CDATA[Windows]]>
              </value>
            </param>
            <param index="1">
              <value>
                <![CDATA[edge]]>
              </value>
            </param>
          </params>
          <reporter-output>
          </reporter-output>
        </test-method> <!-- setup -->
        <test-method signature="verify_login()[pri:0, instance:testCases.TC_002_LoginTest@3ed242a4]" started-at="2025-01-17T17:48:13 IST" name="verify_login" finished-at="2025-01-17T17:48:15 IST" duration-ms="2000" status="PASS">
          <reporter-output>
          </reporter-output>
        </test-method> <!-- verify_login -->
        <test-method is-config="true" signature="tearDown()[pri:0, instance:testCases.TC_002_LoginTest@3ed242a4]" started-at="2025-01-17T17:48:15 IST" name="tearDown" finished-at="2025-01-17T17:48:16 IST" duration-ms="935" status="PASS">
          <reporter-output>
          </reporter-output>
        </test-method> <!-- tearDown -->
      </class> <!-- testCases.TC_002_LoginTest -->
    </test> <!-- chromeTest -->
  </suite> <!-- Suite -->
</testng-results>
