<?xml version="1.0" encoding="UTF-8"?>
<testng-results ignored="0" total="1" passed="1" failed="0" skipped="0">
  <reporter-output>
  </reporter-output>
  <suite started-at="2025-01-19T08:26:39 IST" name="Failed suite [Suite]" finished-at="2025-01-19T08:26:58 IST" duration-ms="19182">
    <groups>
    </groups>
    <test started-at="2025-01-19T08:26:39 IST" name="chromeTest(failed)" finished-at="2025-01-19T08:26:58 IST" duration-ms="19182">
      <class name="testCases.TC_003_LoginDDT">
        <test-method is-config="true" signature="setup(java.lang.String,java.lang.String)[pri:0, instance:testCases.TC_003_LoginDDT@7d64e326]" started-at="2025-01-19T08:26:39 IST" name="setup" finished-at="2025-01-19T08:26:45 IST" duration-ms="5882" status="PASS">
          <params>
            <param index="0">
              <value>
                <![CDATA[Windows]]>
              </value>
            </param>
            <param index="1">
              <value>
                <![CDATA[edge]]>
              </value>
            </param>
          </params>
          <reporter-output>
          </reporter-output>
        </test-method> <!-- setup -->
        <test-method signature="verify_loginDDT(java.lang.String,java.lang.String,java.lang.String)[pri:0, instance:testCases.TC_003_LoginDDT@7d64e326]" started-at="2025-01-19T08:26:46 IST" name="verify_loginDDT" data-provider="LoginData" finished-at="2025-01-19T08:26:58 IST" duration-ms="11432" status="PASS">
          <params>
            <param index="0">
              <value>
                <![CDATA[laksh@yahoo.com]]>
              </value>
            </param>
            <param index="1">
              <value>
                <![CDATA[Lakshmi12]]>
              </value>
            </param>
            <param index="2">
              <value>
                <![CDATA[Invalid]]>
              </value>
            </param>
          </params>
          <reporter-output>
          </reporter-output>
        </test-method> <!-- verify_loginDDT -->
        <test-method is-config="true" signature="tearDown()[pri:0, instance:testCases.TC_003_LoginDDT@7d64e326]" started-at="2025-01-19T08:26:58 IST" name="tearDown" finished-at="2025-01-19T08:26:58 IST" duration-ms="131" status="PASS">
          <reporter-output>
          </reporter-output>
        </test-method> <!-- tearDown -->
      </class> <!-- testCases.TC_003_LoginDDT -->
    </test> <!-- chromeTest(failed) -->
  </suite> <!-- Failed suite [Suite] -->
</testng-results>
